# JRE version: Java(TM) SE Runtime Environment (8.0_191-b12) (build 1.8.0_191-b12)
# Java VM: Java HotSpot(TM) 64-Bit Server VM (25.191-b12 mixed mode windows-amd64 compressed oops)
Heap:
 PSYoungGen      total 248832K, used 211116K [0x00000000d5d00000, 0x00000000e7400000, 0x0000000100000000)
  eden space 234496K, 85% used [0x00000000d5d00000,0x00000000e20d05d0,0x00000000e4200000)
  from space 14336K, 73% used [0x00000000e6600000,0x00000000e705aa48,0x00000000e7400000)
  to   space 25600K, 0% used [0x00000000e4200000,0x00000000e4200000,0x00000000e5b00000)
 ParOldGen       total 104960K, used 52403K [0x0000000081600000, 0x0000000087c80000, 0x00000000d5d00000)
  object space 104960K, 49% used [0x0000000081600000,0x000000008492cc18,0x0000000087c80000)
 Metaspace       used 15666K, capacity 15952K, committed 16256K, reserved 1062912K
  class space    used 1829K, capacity 1918K, committed 1920K, reserved 1048576K
GC Heap History (10 events):
Event: 35.874 GC heap before
{Heap before GC invocations=13 (full 1):
 PSYoungGen      total 254464K, used 229527K [0x00000000d5d00000, 0x00000000eb380000, 0x0000000100000000)
  eden space 219648K, 100% used [0x00000000d5d00000,0x00000000e3380000,0x00000000e3380000)
  from space 34816K, 28% used [0x00000000e3380000,0x00000000e3d25c10,0x00000000e5580000)
  to   space 33280K, 0% used [0x00000000e9300000,0x00000000e9300000,0x00000000eb380000)
 ParOldGen       total 104960K, used 52339K [0x0000000081600000, 0x0000000087c80000, 0x00000000d5d00000)
  object space 104960K, 49% used [0x0000000081600000,0x000000008491cc18,0x0000000087c80000)
 Metaspace       used 15520K, capacity 15760K, committed 16000K, reserved 1062912K
  class space    used 1827K, capacity 1918K, committed 1920K, reserved 1048576K
Event: 35.887 GC heap after
Heap after GC invocations=13 (full 1):
 PSYoungGen      total 302080K, used 9907K [0x00000000d5d00000, 0x00000000eaa00000, 0x0000000100000000)
  eden space 278528K, 0% used [0x00000000d5d00000,0x00000000d5d00000,0x00000000e6d00000)
  from space 23552K, 42% used [0x00000000e9300000,0x00000000e9cacd10,0x00000000eaa00000)
  to   space 31232K, 0% used [0x00000000e6d00000,0x00000000e6d00000,0x00000000e8b80000)
 ParOldGen       total 104960K, used 52379K [0x0000000081600000, 0x0000000087c80000, 0x00000000d5d00000)
  object space 104960K, 49% used [0x0000000081600000,0x0000000084926c18,0x0000000087c80000)
 Metaspace       used 15520K, capacity 15760K, committed 16000K, reserved 1062912K
  class space    used 1827K, capacity 1918K, committed 1920K, reserved 1048576K
}
Event: 42.477 GC heap before
{Heap before GC invocations=14 (full 1):
 PSYoungGen      total 302080K, used 287741K [0x00000000d5d00000, 0x00000000eaa00000, 0x0000000100000000)
  eden space 278528K, 99% used [0x00000000d5d00000,0x00000000e6c52810,0x00000000e6d00000)
  from space 23552K, 42% used [0x00000000e9300000,0x00000000e9cacd10,0x00000000eaa00000)
  to   space 31232K, 0% used [0x00000000e6d00000,0x00000000e6d00000,0x00000000e8b80000)
 ParOldGen       total 104960K, used 52379K [0x0000000081600000, 0x0000000087c80000, 0x00000000d5d00000)
  object space 104960K, 49% used [0x0000000081600000,0x0000000084926c18,0x0000000087c80000)
 Metaspace       used 15582K, capacity 15824K, committed 16000K, reserved 1062912K
  class space    used 1827K, capacity 1918K, committed 1920K, reserved 1048576K
Event: 42.480 GC heap after
Heap after GC invocations=14 (full 1):
 PSYoungGen      total 276992K, used 9910K [0x00000000d5d00000, 0x00000000e9b80000, 0x0000000100000000)
  eden space 266752K, 0% used [0x00000000d5d00000,0x00000000d5d00000,0x00000000e6180000)
  from space 10240K, 96% used [0x00000000e6d00000,0x00000000e76ada68,0x00000000e7700000)
  to   space 29696K, 0% used [0x00000000e7e80000,0x00000000e7e80000,0x00000000e9b80000)
 ParOldGen       total 104960K, used 52387K [0x0000000081600000, 0x0000000087c80000, 0x00000000d5d00000)
  object space 104960K, 49% used [0x0000000081600000,0x0000000084928c18,0x0000000087c80000)
 Metaspace       used 15582K, capacity 15824K, committed 16000K, reserved 1062912K
  class space    used 1827K, capacity 1918K, committed 1920K, reserved 1048576K
}
Event: 48.617 GC heap before
{Heap before GC invocations=15 (full 1):
 PSYoungGen      total 276992K, used 274805K [0x00000000d5d00000, 0x00000000e9b80000, 0x0000000100000000)
  eden space 266752K, 99% used [0x00000000d5d00000,0x00000000e5fafa08,0x00000000e6180000)
  from space 10240K, 96% used [0x00000000e6d00000,0x00000000e76ada68,0x00000000e7700000)
  to   space 29696K, 0% used [0x00000000e7e80000,0x00000000e7e80000,0x00000000e9b80000)
 ParOldGen       total 104960K, used 52387K [0x0000000081600000, 0x0000000087c80000, 0x00000000d5d00000)
  object space 104960K, 49% used [0x0000000081600000,0x0000000084928c18,0x0000000087c80000)
 Metaspace       used 15584K, capacity 15824K, committed 16000K, reserved 1062912K
  class space    used 1827K, capacity 1918K, committed 1920K, reserved 1048576K
Event: 48.621 GC heap after
Heap after GC invocations=15 (full 1):
 PSYoungGen      total 270848K, used 9942K [0x00000000d5d00000, 0x00000000e8d80000, 0x0000000100000000)
  eden space 255488K, 0% used [0x00000000d5d00000,0x00000000d5d00000,0x00000000e5680000)
  from space 15360K, 64% used [0x00000000e7e80000,0x00000000e8835ba0,0x00000000e8d80000)
  to   space 28160K, 0% used [0x00000000e5680000,0x00000000e5680000,0x00000000e7200000)
 ParOldGen       total 104960K, used 52387K [0x0000000081600000, 0x0000000087c80000, 0x00000000d5d00000)
  object space 104960K, 49% used [0x0000000081600000,0x0000000084928c18,0x0000000087c80000)
 Metaspace       used 15584K, capacity 15824K, committed 16000K, reserved 1062912K
  class space    used 1827K, capacity 1918K, committed 1920K, reserved 1048576K
}
Event: 54.481 GC heap before
{Heap before GC invocations=16 (full 1):
 PSYoungGen      total 270848K, used 265315K [0x00000000d5d00000, 0x00000000e8d80000, 0x0000000100000000)
  eden space 255488K, 99% used [0x00000000d5d00000,0x00000000e56632c0,0x00000000e5680000)
  from space 15360K, 64% used [0x00000000e7e80000,0x00000000e8835ba0,0x00000000e8d80000)
  to   space 28160K, 0% used [0x00000000e5680000,0x00000000e5680000,0x00000000e7200000)
 ParOldGen       total 104960K, used 52387K [0x0000000081600000, 0x0000000087c80000, 0x00000000d5d00000)
  object space 104960K, 49% used [0x0000000081600000,0x0000000084928c18,0x0000000087c80000)
 Metaspace       used 15601K, capacity 15824K, committed 16000K, reserved 1062912K
  class space    used 1827K, capacity 1918K, committed 1920K, reserved 1048576K
Event: 54.487 GC heap after
Heap after GC invocations=16 (full 1):
 PSYoungGen      total 255488K, used 10517K [0x00000000d5d00000, 0x00000000e8000000, 0x0000000100000000)
  eden space 244736K, 0% used [0x00000000d5d00000,0x00000000d5d00000,0x00000000e4c00000)
  from space 10752K, 97% used [0x00000000e5680000,0x00000000e60c56a8,0x00000000e6100000)
  to   space 26624K, 0% used [0x00000000e6600000,0x00000000e6600000,0x00000000e8000000)
 ParOldGen       total 104960K, used 52395K [0x0000000081600000, 0x0000000087c80000, 0x00000000d5d00000)
  object space 104960K, 49% used [0x0000000081600000,0x000000008492ac18,0x0000000087c80000)
 Metaspace       used 15601K, capacity 15824K, committed 16000K, reserved 1062912K
  class space    used 1827K, capacity 1918K, committed 1920K, reserved 1048576K
}
Event: 60.037 GC heap before
{Heap before GC invocations=17 (full 1):
 PSYoungGen      total 255488K, used 254727K [0x00000000d5d00000, 0x00000000e8000000, 0x0000000100000000)
  eden space 244736K, 99% used [0x00000000d5d00000,0x00000000e4b7c5a0,0x00000000e4c00000)
  from space 10752K, 97% used [0x00000000e5680000,0x00000000e60c56a8,0x00000000e6100000)
  to   space 26624K, 0% used [0x00000000e6600000,0x00000000e6600000,0x00000000e8000000)
 ParOldGen       total 104960K, used 52395K [0x0000000081600000, 0x0000000087c80000, 0x00000000d5d00000)
  object space 104960K, 49% used [0x0000000081600000,0x000000008492ac18,0x0000000087c80000)
 Metaspace       used 15625K, capacity 15824K, committed 16000K, reserved 1062912K
  class space    used 1827K, capacity 1918K, committed 1920K, reserved 1048576K
Event: 60.044 GC heap after
Heap after GC invocations=17 (full 1):
 PSYoungGen      total 248832K, used 10602K [0x00000000d5d00000, 0x00000000e7400000, 0x0000000100000000)
  eden space 234496K, 0% used [0x00000000d5d00000,0x00000000d5d00000,0x00000000e4200000)
  from space 14336K, 73% used [0x00000000e6600000,0x00000000e705aa48,0x00000000e7400000)
  to   space 25600K, 0% used [0x00000000e4200000,0x00000000e4200000,0x00000000e5b00000)
 ParOldGen       total 104960K, used 52403K [0x0000000081600000, 0x0000000087c80000, 0x00000000d5d00000)
  object space 104960K, 49% used [0x0000000081600000,0x000000008492cc18,0x0000000087c80000)
 Metaspace       used 15625K, capacity 15824K, committed 16000K, reserved 1062912K
  class space    used 1827K, capacity 1918K, committed 1920K, reserved 1048576K
}

