# JRE version: Java(TM) SE Runtime Environment (8.0_191-b12) (build 1.8.0_191-b12)
# Java VM: Java HotSpot(TM) 64-Bit Server VM (25.191-b12 mixed mode windows-amd64 compressed oops)
Heap:
 PSYoungGen      total 105472K, used 13935K [0x00000000d5d00000, 0x00000000dfc00000, 0x0000000100000000)
  eden space 65024K, 6% used [0x00000000d5d00000,0x00000000d610a178,0x00000000d9c80000)
  from space 40448K, 24% used [0x00000000dd480000,0x00000000dde11d78,0x00000000dfc00000)
  to   space 5120K, 0% used [0x00000000d9c80000,0x00000000d9c80000,0x00000000da180000)
 ParOldGen       total 104960K, used 50954K [0x0000000081600000, 0x0000000087c80000, 0x00000000d5d00000)
  object space 104960K, 48% used [0x0000000081600000,0x00000000847c28b8,0x0000000087c80000)
 Metaspace       used 15322K, capacity 15560K, committed 15744K, reserved 1062912K
  class space    used 1825K, capacity 1918K, committed 1920K, reserved 1048576K
GC Heap History (10 events):
Event: 7.678 GC heap before
{Heap before GC invocations=5 (full 1):
 PSYoungGen      total 38400K, used 33218K [0x00000000d5d00000, 0x00000000da800000, 0x0000000100000000)
  eden space 33280K, 99% used [0x00000000d5d00000,0x00000000d7d70a38,0x00000000d7d80000)
  from space 5120K, 0% used [0x00000000d7d80000,0x00000000d7d80000,0x00000000d8280000)
  to   space 5120K, 0% used [0x00000000da300000,0x00000000da300000,0x00000000da800000)
 ParOldGen       total 104960K, used 19281K [0x0000000081600000, 0x0000000087c80000, 0x00000000d5d00000)
  object space 104960K, 18% used [0x0000000081600000,0x00000000828d4598,0x0000000087c80000)
 Metaspace       used 15252K, capacity 15496K, committed 15744K, reserved 1062912K
  class space    used 1825K, capacity 1918K, committed 1920K, reserved 1048576K
Event: 7.682 GC heap after
Heap after GC invocations=5 (full 1):
 PSYoungGen      total 58368K, used 3462K [0x00000000d5d00000, 0x00000000da680000, 0x0000000100000000)
  eden space 54784K, 0% used [0x00000000d5d00000,0x00000000d5d00000,0x00000000d9280000)
  from space 3584K, 96% used [0x00000000da300000,0x00000000da6618b0,0x00000000da680000)
  to   space 5120K, 0% used [0x00000000d9c80000,0x00000000d9c80000,0x00000000da180000)
 ParOldGen       total 104960K, used 31945K [0x0000000081600000, 0x0000000087c80000, 0x00000000d5d00000)
  object space 104960K, 30% used [0x0000000081600000,0x00000000835326d8,0x0000000087c80000)
 Metaspace       used 15252K, capacity 15496K, committed 15744K, reserved 1062912K
  class space    used 1825K, capacity 1918K, committed 1920K, reserved 1048576K
}
Event: 8.945 GC heap before
{Heap before GC invocations=6 (full 1):
 PSYoungGen      total 58368K, used 55894K [0x00000000d5d00000, 0x00000000da680000, 0x0000000100000000)
  eden space 54784K, 95% used [0x00000000d5d00000,0x00000000d9034190,0x00000000d9280000)
  from space 3584K, 96% used [0x00000000da300000,0x00000000da6618b0,0x00000000da680000)
  to   space 5120K, 0% used [0x00000000d9c80000,0x00000000d9c80000,0x00000000da180000)
 ParOldGen       total 104960K, used 31945K [0x0000000081600000, 0x0000000087c80000, 0x00000000d5d00000)
  object space 104960K, 30% used [0x0000000081600000,0x00000000835326d8,0x0000000087c80000)
 Metaspace       used 15285K, capacity 15496K, committed 15744K, reserved 1062912K
  class space    used 1825K, capacity 1918K, committed 1920K, reserved 1048576K
Event: 8.948 GC heap after
Heap after GC invocations=6 (full 1):
 PSYoungGen      total 59904K, used 3412K [0x00000000d5d00000, 0x00000000da680000, 0x0000000100000000)
  eden space 54784K, 0% used [0x00000000d5d00000,0x00000000d5d00000,0x00000000d9280000)
  from space 5120K, 66% used [0x00000000d9c80000,0x00000000d9fd5088,0x00000000da180000)
  to   space 3584K, 0% used [0x00000000da300000,0x00000000da300000,0x00000000da680000)
 ParOldGen       total 104960K, used 38281K [0x0000000081600000, 0x0000000087c80000, 0x00000000d5d00000)
  object space 104960K, 36% used [0x0000000081600000,0x0000000083b62778,0x0000000087c80000)
 Metaspace       used 15285K, capacity 15496K, committed 15744K, reserved 1062912K
  class space    used 1825K, capacity 1918K, committed 1920K, reserved 1048576K
}
Event: 10.373 GC heap before
{Heap before GC invocations=7 (full 1):
 PSYoungGen      total 59904K, used 58196K [0x00000000d5d00000, 0x00000000da680000, 0x0000000100000000)
  eden space 54784K, 100% used [0x00000000d5d00000,0x00000000d9280000,0x00000000d9280000)
  from space 5120K, 66% used [0x00000000d9c80000,0x00000000d9fd5088,0x00000000da180000)
  to   space 3584K, 0% used [0x00000000da300000,0x00000000da300000,0x00000000da680000)
 ParOldGen       total 104960K, used 38281K [0x0000000081600000, 0x0000000087c80000, 0x00000000d5d00000)
  object space 104960K, 36% used [0x0000000081600000,0x0000000083b62778,0x0000000087c80000)
 Metaspace       used 15304K, capacity 15560K, committed 15744K, reserved 1062912K
  class space    used 1825K, capacity 1918K, committed 1920K, reserved 1048576K
Event: 10.378 GC heap after
Heap after GC invocations=7 (full 1):
 PSYoungGen      total 58368K, used 3462K [0x00000000d5d00000, 0x00000000da680000, 0x0000000100000000)
  eden space 54784K, 0% used [0x00000000d5d00000,0x00000000d5d00000,0x00000000d9280000)
  from space 3584K, 96% used [0x00000000da300000,0x00000000da661938,0x00000000da680000)
  to   space 5120K, 0% used [0x00000000d9c80000,0x00000000d9c80000,0x00000000da180000)
 ParOldGen       total 104960K, used 44618K [0x0000000081600000, 0x0000000087c80000, 0x00000000d5d00000)
  object space 104960K, 42% used [0x0000000081600000,0x0000000084192818,0x0000000087c80000)
 Metaspace       used 15304K, capacity 15560K, committed 15744K, reserved 1062912K
  class space    used 1825K, capacity 1918K, committed 1920K, reserved 1048576K
}
Event: 11.536 GC heap before
{Heap before GC invocations=8 (full 1):
 PSYoungGen      total 58368K, used 57194K [0x00000000d5d00000, 0x00000000da680000, 0x0000000100000000)
  eden space 54784K, 98% used [0x00000000d5d00000,0x00000000d9179058,0x00000000d9280000)
  from space 3584K, 96% used [0x00000000da300000,0x00000000da661938,0x00000000da680000)
  to   space 5120K, 0% used [0x00000000d9c80000,0x00000000d9c80000,0x00000000da180000)
 ParOldGen       total 104960K, used 44618K [0x0000000081600000, 0x0000000087c80000, 0x00000000d5d00000)
  object space 104960K, 42% used [0x0000000081600000,0x0000000084192818,0x0000000087c80000)
 Metaspace       used 15310K, capacity 15560K, committed 15744K, reserved 1062912K
  class space    used 1825K, capacity 1918K, committed 1920K, reserved 1048576K
Event: 11.542 GC heap after
Heap after GC invocations=8 (full 1):
 PSYoungGen      total 70144K, used 3482K [0x00000000d5d00000, 0x00000000dfc00000, 0x0000000100000000)
  eden space 65024K, 0% used [0x00000000d5d00000,0x00000000d5d00000,0x00000000d9c80000)
  from space 5120K, 68% used [0x00000000d9c80000,0x00000000d9fe6810,0x00000000da180000)
  to   space 40448K, 0% used [0x00000000dd480000,0x00000000dd480000,0x00000000dfc00000)
 ParOldGen       total 104960K, used 50954K [0x0000000081600000, 0x0000000087c80000, 0x00000000d5d00000)
  object space 104960K, 48% used [0x0000000081600000,0x00000000847c28b8,0x0000000087c80000)
 Metaspace       used 15310K, capacity 15560K, committed 15744K, reserved 1062912K
  class space    used 1825K, capacity 1918K, committed 1920K, reserved 1048576K
}
Event: 13.099 GC heap before
{Heap before GC invocations=9 (full 1):
 PSYoungGen      total 70144K, used 68342K [0x00000000d5d00000, 0x00000000dfc00000, 0x0000000100000000)
  eden space 65024K, 99% used [0x00000000d5d00000,0x00000000d9c571b8,0x00000000d9c80000)
  from space 5120K, 68% used [0x00000000d9c80000,0x00000000d9fe6810,0x00000000da180000)
  to   space 40448K, 0% used [0x00000000dd480000,0x00000000dd480000,0x00000000dfc00000)
 ParOldGen       total 104960K, used 50954K [0x0000000081600000, 0x0000000087c80000, 0x00000000d5d00000)
  object space 104960K, 48% used [0x0000000081600000,0x00000000847c28b8,0x0000000087c80000)
 Metaspace       used 15321K, capacity 15560K, committed 15744K, reserved 1062912K
  class space    used 1825K, capacity 1918K, committed 1920K, reserved 1048576K
Event: 13.111 GC heap after
Heap after GC invocations=9 (full 1):
 PSYoungGen      total 105472K, used 9799K [0x00000000d5d00000, 0x00000000dfc00000, 0x0000000100000000)
  eden space 65024K, 0% used [0x00000000d5d00000,0x00000000d5d00000,0x00000000d9c80000)
  from space 40448K, 24% used [0x00000000dd480000,0x00000000dde11d78,0x00000000dfc00000)
  to   space 5120K, 0% used [0x00000000d9c80000,0x00000000d9c80000,0x00000000da180000)
 ParOldGen       total 104960K, used 50954K [0x0000000081600000, 0x0000000087c80000, 0x00000000d5d00000)
  object space 104960K, 48% used [0x0000000081600000,0x00000000847c28b8,0x0000000087c80000)
 Metaspace       used 15321K, capacity 15560K, committed 15744K, reserved 1062912K
  class space    used 1825K, capacity 1918K, committed 1920K, reserved 1048576K
}

