# JRE version: Java(TM) SE Runtime Environment (8.0_191-b12) (build 1.8.0_191-b12)
# Java VM: Java HotSpot(TM) 64-Bit Server VM (25.191-b12 mixed mode windows-amd64 compressed oops)
Heap:
 PSYoungGen      total 64000K, used 24036K [0x00000000d5d00000, 0x00000000dae80000, 0x0000000100000000)
  eden space 53760K, 26% used [0x00000000d5d00000,0x00000000d6abc600,0x00000000d9180000)
  from space 10240K, 97% used [0x00000000d9300000,0x00000000d9cbca68,0x00000000d9d00000)
  to   space 14848K, 0% used [0x00000000da000000,0x00000000da000000,0x00000000dae80000)
 ParOldGen       total 95744K, used 46165K [0x0000000081600000, 0x0000000087380000, 0x00000000d5d00000)
  object space 95744K, 48% used [0x0000000081600000,0x0000000084315410,0x0000000087380000)
 Metaspace       used 15675K, capacity 15962K, committed 16384K, reserved 1062912K
  class space    used 1828K, capacity 1921K, committed 2048K, reserved 1048576K
GC Heap History (10 events):
Event: 62.549 GC heap before
{Heap before GC invocations=26 (full 1):
 PSYoungGen      total 76288K, used 69927K [0x00000000d5d00000, 0x00000000dbb00000, 0x0000000100000000)
  eden space 61440K, 96% used [0x00000000d5d00000,0x00000000d971f5d0,0x00000000d9900000)
  from space 14848K, 70% used [0x00000000dac80000,0x00000000db6aa7a8,0x00000000dbb00000)
  to   space 17408K, 0% used [0x00000000d9900000,0x00000000d9900000,0x00000000daa00000)
 ParOldGen       total 95744K, used 46149K [0x0000000081600000, 0x0000000087380000, 0x00000000d5d00000)
  object space 95744K, 48% used [0x0000000081600000,0x0000000084311410,0x0000000087380000)
 Metaspace       used 15599K, capacity 15888K, committed 16000K, reserved 1062912K
  class space    used 1825K, capacity 1918K, committed 1920K, reserved 1048576K
Event: 62.551 GC heap after
Heap after GC invocations=26 (full 1):
 PSYoungGen      total 70144K, used 9944K [0x00000000d5d00000, 0x00000000db880000, 0x0000000100000000)
  eden space 59904K, 0% used [0x00000000d5d00000,0x00000000d5d00000,0x00000000d9780000)
  from space 10240K, 97% used [0x00000000d9900000,0x00000000da2b6168,0x00000000da300000)
  to   space 16896K, 0% used [0x00000000da800000,0x00000000da800000,0x00000000db880000)
 ParOldGen       total 95744K, used 46149K [0x0000000081600000, 0x0000000087380000, 0x00000000d5d00000)
  object space 95744K, 48% used [0x0000000081600000,0x0000000084311410,0x0000000087380000)
 Metaspace       used 15599K, capacity 15888K, committed 16000K, reserved 1062912K
  class space    used 1825K, capacity 1918K, committed 1920K, reserved 1048576K
}
Event: 64.285 GC heap before
{Heap before GC invocations=27 (full 1):
 PSYoungGen      total 70144K, used 69601K [0x00000000d5d00000, 0x00000000db880000, 0x0000000100000000)
  eden space 59904K, 99% used [0x00000000d5d00000,0x00000000d97424b0,0x00000000d9780000)
  from space 10240K, 97% used [0x00000000d9900000,0x00000000da2b6168,0x00000000da300000)
  to   space 16896K, 0% used [0x00000000da800000,0x00000000da800000,0x00000000db880000)
 ParOldGen       total 95744K, used 46149K [0x0000000081600000, 0x0000000087380000, 0x00000000d5d00000)
  object space 95744K, 48% used [0x0000000081600000,0x0000000084311410,0x0000000087380000)
 Metaspace       used 15601K, capacity 15888K, committed 16000K, reserved 1062912K
  class space    used 1825K, capacity 1918K, committed 1920K, reserved 1048576K
Event: 64.287 GC heap after
Heap after GC invocations=27 (full 1):
 PSYoungGen      total 72704K, used 10015K [0x00000000d5d00000, 0x00000000db600000, 0x0000000100000000)
  eden space 58368K, 0% used [0x00000000d5d00000,0x00000000d5d00000,0x00000000d9600000)
  from space 14336K, 69% used [0x00000000da800000,0x00000000db1c7db8,0x00000000db600000)
  to   space 16384K, 0% used [0x00000000d9600000,0x00000000d9600000,0x00000000da600000)
 ParOldGen       total 95744K, used 46149K [0x0000000081600000, 0x0000000087380000, 0x00000000d5d00000)
  object space 95744K, 48% used [0x0000000081600000,0x0000000084311410,0x0000000087380000)
 Metaspace       used 15601K, capacity 15888K, committed 16000K, reserved 1062912K
  class space    used 1825K, capacity 1918K, committed 1920K, reserved 1048576K
}
Event: 65.804 GC heap before
{Heap before GC invocations=28 (full 1):
 PSYoungGen      total 72704K, used 65862K [0x00000000d5d00000, 0x00000000db600000, 0x0000000100000000)
  eden space 58368K, 95% used [0x00000000d5d00000,0x00000000d9389b80,0x00000000d9600000)
  from space 14336K, 69% used [0x00000000da800000,0x00000000db1c7db8,0x00000000db600000)
  to   space 16384K, 0% used [0x00000000d9600000,0x00000000d9600000,0x00000000da600000)
 ParOldGen       total 95744K, used 46149K [0x0000000081600000, 0x0000000087380000, 0x00000000d5d00000)
  object space 95744K, 48% used [0x0000000081600000,0x0000000084311410,0x0000000087380000)
 Metaspace       used 15601K, capacity 15888K, committed 16000K, reserved 1062912K
  class space    used 1825K, capacity 1918K, committed 1920K, reserved 1048576K
Event: 65.808 GC heap after
Heap after GC invocations=28 (full 1):
 PSYoungGen      total 67072K, used 9957K [0x00000000d5d00000, 0x00000000db380000, 0x0000000100000000)
  eden space 56832K, 0% used [0x00000000d5d00000,0x00000000d5d00000,0x00000000d9480000)
  from space 10240K, 97% used [0x00000000d9600000,0x00000000d9fb97f0,0x00000000da000000)
  to   space 15872K, 0% used [0x00000000da400000,0x00000000da400000,0x00000000db380000)
 ParOldGen       total 95744K, used 46149K [0x0000000081600000, 0x0000000087380000, 0x00000000d5d00000)
  object space 95744K, 48% used [0x0000000081600000,0x0000000084311410,0x0000000087380000)
 Metaspace       used 15601K, capacity 15888K, committed 16000K, reserved 1062912K
  class space    used 1825K, capacity 1918K, committed 1920K, reserved 1048576K
}
Event: 67.164 GC heap before
{Heap before GC invocations=29 (full 1):
 PSYoungGen      total 67072K, used 66330K [0x00000000d5d00000, 0x00000000db380000, 0x0000000100000000)
  eden space 56832K, 99% used [0x00000000d5d00000,0x00000000d940d3e8,0x00000000d9480000)
  from space 10240K, 97% used [0x00000000d9600000,0x00000000d9fb97f0,0x00000000da000000)
  to   space 15872K, 0% used [0x00000000da400000,0x00000000da400000,0x00000000db380000)
 ParOldGen       total 95744K, used 46149K [0x0000000081600000, 0x0000000087380000, 0x00000000d5d00000)
  object space 95744K, 48% used [0x0000000081600000,0x0000000084311410,0x0000000087380000)
 Metaspace       used 15602K, capacity 15888K, committed 16000K, reserved 1062912K
  class space    used 1825K, capacity 1918K, committed 1920K, reserved 1048576K
Event: 67.166 GC heap after
Heap after GC invocations=29 (full 1):
 PSYoungGen      total 68608K, used 10028K [0x00000000d5d00000, 0x00000000db100000, 0x0000000100000000)
  eden space 55296K, 0% used [0x00000000d5d00000,0x00000000d5d00000,0x00000000d9300000)
  from space 13312K, 75% used [0x00000000da400000,0x00000000dadcb238,0x00000000db100000)
  to   space 15360K, 0% used [0x00000000d9300000,0x00000000d9300000,0x00000000da200000)
 ParOldGen       total 95744K, used 46157K [0x0000000081600000, 0x0000000087380000, 0x00000000d5d00000)
  object space 95744K, 48% used [0x0000000081600000,0x0000000084313410,0x0000000087380000)
 Metaspace       used 15602K, capacity 15888K, committed 16000K, reserved 1062912K
  class space    used 1825K, capacity 1918K, committed 1920K, reserved 1048576K
}
Event: 68.646 GC heap before
{Heap before GC invocations=30 (full 1):
 PSYoungGen      total 68608K, used 62199K [0x00000000d5d00000, 0x00000000db100000, 0x0000000100000000)
  eden space 55296K, 94% used [0x00000000d5d00000,0x00000000d8ff2b98,0x00000000d9300000)
  from space 13312K, 75% used [0x00000000da400000,0x00000000dadcb238,0x00000000db100000)
  to   space 15360K, 0% used [0x00000000d9300000,0x00000000d9300000,0x00000000da200000)
 ParOldGen       total 95744K, used 46157K [0x0000000081600000, 0x0000000087380000, 0x00000000d5d00000)
  object space 95744K, 48% used [0x0000000081600000,0x0000000084313410,0x0000000087380000)
 Metaspace       used 15621K, capacity 15888K, committed 16000K, reserved 1062912K
  class space    used 1825K, capacity 1918K, committed 1920K, reserved 1048576K
Event: 68.649 GC heap after
Heap after GC invocations=30 (full 1):
 PSYoungGen      total 64000K, used 9970K [0x00000000d5d00000, 0x00000000dae80000, 0x0000000100000000)
  eden space 53760K, 0% used [0x00000000d5d00000,0x00000000d5d00000,0x00000000d9180000)
  from space 10240K, 97% used [0x00000000d9300000,0x00000000d9cbca68,0x00000000d9d00000)
  to   space 14848K, 0% used [0x00000000da000000,0x00000000da000000,0x00000000dae80000)
 ParOldGen       total 95744K, used 46165K [0x0000000081600000, 0x0000000087380000, 0x00000000d5d00000)
  object space 95744K, 48% used [0x0000000081600000,0x0000000084315410,0x0000000087380000)
 Metaspace       used 15621K, capacity 15888K, committed 16000K, reserved 1062912K
  class space    used 1825K, capacity 1918K, committed 1920K, reserved 1048576K
}

